  [1m[35m (697.6ms)[0m  [1m[35mCREATE DATABASE "caves_rails_api_development" ENCODING = 'unicode'[0m
  ↳ bin/rails:9
  [1m[35m (648.4ms)[0m  [1m[35mCREATE DATABASE "caves_rails_api_test" ENCODING = 'unicode'[0m
  ↳ bin/rails:9
  [1m[35m (29.3ms)[0m  [1m[35mCREATE TABLE "schema_migrations" ("version" character varying NOT NULL PRIMARY KEY)[0m
  ↳ bin/rails:9
  [1m[35m (25.9ms)[0m  [1m[35mCREATE TABLE "ar_internal_metadata" ("key" character varying NOT NULL PRIMARY KEY, "value" character varying, "created_at" timestamp NOT NULL, "updated_at" timestamp NOT NULL)[0m
  ↳ bin/rails:9
  [1m[35m (0.4ms)[0m  [1m[34mSELECT pg_try_advisory_lock(851038712380876425)[0m
  ↳ bin/rails:9
  [1m[35m (0.6ms)[0m  [1m[34mSELECT "schema_migrations"."version" FROM "schema_migrations" ORDER BY "schema_migrations"."version" ASC[0m
  ↳ bin/rails:9
Migrating to CreateCaves (20181004220657)
  [1m[35m (0.2ms)[0m  [1m[35mBEGIN[0m
  ↳ bin/rails:9
  [1m[35m (38.5ms)[0m  [1m[35mCREATE TABLE "caves" ("id" bigserial primary key, "created_at" timestamp NOT NULL, "updated_at" timestamp NOT NULL)[0m
  ↳ db/migrate/20181004220657_create_caves.rb:3
  [1m[36mActiveRecord::SchemaMigration Create (4.2ms)[0m  [1m[32mINSERT INTO "schema_migrations" ("version") VALUES ($1) RETURNING "version"[0m  [["version", "20181004220657"]]
  ↳ bin/rails:9
  [1m[35m (2.2ms)[0m  [1m[35mCOMMIT[0m
  ↳ bin/rails:9
  [1m[36mActiveRecord::InternalMetadata Load (6.6ms)[0m  [1m[34mSELECT  "ar_internal_metadata".* FROM "ar_internal_metadata" WHERE "ar_internal_metadata"."key" = $1 LIMIT $2[0m  [["key", "environment"], ["LIMIT", 1]]
  ↳ bin/rails:9
  [1m[35m (0.3ms)[0m  [1m[35mBEGIN[0m
  ↳ bin/rails:9
  [1m[36mActiveRecord::InternalMetadata Create (8.2ms)[0m  [1m[32mINSERT INTO "ar_internal_metadata" ("key", "value", "created_at", "updated_at") VALUES ($1, $2, $3, $4) RETURNING "key"[0m  [["key", "environment"], ["value", "development"], ["created_at", "2018-10-04 22:12:38.300095"], ["updated_at", "2018-10-04 22:12:38.300095"]]
  ↳ bin/rails:9
  [1m[35m (1.6ms)[0m  [1m[35mCOMMIT[0m
  ↳ bin/rails:9
  [1m[35m (0.4ms)[0m  [1m[34mSELECT pg_advisory_unlock(851038712380876425)[0m
  ↳ bin/rails:9
  [1m[35m (0.4ms)[0m  [1m[34mSELECT "schema_migrations"."version" FROM "schema_migrations" ORDER BY "schema_migrations"."version" ASC[0m
  ↳ bin/rails:9
  [1m[35m (1.9ms)[0m  [1m[35mCREATE DATABASE "caves_rails_api_development" ENCODING = 'unicode'[0m
  ↳ bin/rails:9
  [1m[35m (0.5ms)[0m  [1m[35mCREATE DATABASE "caves_rails_api_test" ENCODING = 'unicode'[0m
  ↳ bin/rails:9
  [1m[35m (0.3ms)[0m  [1m[34mSELECT pg_try_advisory_lock(851038712380876425)[0m
  ↳ bin/rails:9
  [1m[35m (1.0ms)[0m  [1m[34mSELECT "schema_migrations"."version" FROM "schema_migrations" ORDER BY "schema_migrations"."version" ASC[0m
  ↳ bin/rails:9
  [1m[36mActiveRecord::InternalMetadata Load (8.1ms)[0m  [1m[34mSELECT  "ar_internal_metadata".* FROM "ar_internal_metadata" WHERE "ar_internal_metadata"."key" = $1 LIMIT $2[0m  [["key", "environment"], ["LIMIT", 1]]
  ↳ bin/rails:9
  [1m[35m (0.3ms)[0m  [1m[35mBEGIN[0m
  ↳ bin/rails:9
  [1m[35m (0.2ms)[0m  [1m[35mCOMMIT[0m
  ↳ bin/rails:9
  [1m[35m (0.3ms)[0m  [1m[34mSELECT pg_advisory_unlock(851038712380876425)[0m
  ↳ bin/rails:9
  [1m[35m (0.3ms)[0m  [1m[34mSELECT "schema_migrations"."version" FROM "schema_migrations" ORDER BY "schema_migrations"."version" ASC[0m
  ↳ bin/rails:9
  [1m[35m (0.7ms)[0m  [1m[34mSELECT "schema_migrations"."version" FROM "schema_migrations" ORDER BY "schema_migrations"."version" ASC[0m
  ↳ bin/rails:9
  [1m[35m (0.8ms)[0m  [1m[34mSELECT "ar_internal_metadata"."value" FROM "ar_internal_metadata" WHERE "ar_internal_metadata"."key" = $1[0m  [["key", "environment"]]
  ↳ bin/rails:9
  [1m[35m (0.5ms)[0m  [1m[34mSELECT "schema_migrations"."version" FROM "schema_migrations" ORDER BY "schema_migrations"."version" ASC[0m
  ↳ bin/rails:9
  [1m[35m (0.4ms)[0m  [1m[34mSELECT "ar_internal_metadata"."value" FROM "ar_internal_metadata" WHERE "ar_internal_metadata"."key" = $1[0m  [["key", "environment"]]
  ↳ bin/rails:9
  [1m[35m (0.5ms)[0m  [1m[34mSELECT "schema_migrations"."version" FROM "schema_migrations" ORDER BY "schema_migrations"."version" ASC[0m
  ↳ bin/rails:9
  [1m[35m (0.4ms)[0m  [1m[34mSELECT "ar_internal_metadata"."value" FROM "ar_internal_metadata" WHERE "ar_internal_metadata"."key" = $1[0m  [["key", "environment"]]
  ↳ bin/rails:9
  [1m[35m (264.7ms)[0m  [1m[35mDROP DATABASE IF EXISTS "caves_rails_api_development"[0m
  ↳ bin/rails:9
  [1m[35m (281.2ms)[0m  [1m[35mDROP DATABASE IF EXISTS "caves_rails_api_test"[0m
  ↳ bin/rails:9
  [1m[35m (583.6ms)[0m  [1m[35mCREATE DATABASE "caves_rails_api_development" ENCODING = 'unicode'[0m
  ↳ bin/rails:9
  [1m[35m (678.0ms)[0m  [1m[35mCREATE DATABASE "caves_rails_api_test" ENCODING = 'unicode'[0m
  ↳ bin/rails:9
  [1m[35m (38.7ms)[0m  [1m[35mCREATE TABLE "schema_migrations" ("version" character varying NOT NULL PRIMARY KEY)[0m
  ↳ bin/rails:9
  [1m[35m (27.0ms)[0m  [1m[35mCREATE TABLE "ar_internal_metadata" ("key" character varying NOT NULL PRIMARY KEY, "value" character varying, "created_at" timestamp NOT NULL, "updated_at" timestamp NOT NULL)[0m
  ↳ bin/rails:9
  [1m[35m (0.4ms)[0m  [1m[34mSELECT pg_try_advisory_lock(851038712380876425)[0m
  ↳ bin/rails:9
  [1m[35m (7.3ms)[0m  [1m[34mSELECT "schema_migrations"."version" FROM "schema_migrations" ORDER BY "schema_migrations"."version" ASC[0m
  ↳ bin/rails:9
Migrating to CreateCaves (20181004220657)
  [1m[35m (0.3ms)[0m  [1m[35mBEGIN[0m
  ↳ bin/rails:9
  [1m[35m (19.4ms)[0m  [1m[35mCREATE TABLE "caves" ("id" bigserial primary key, "name" character varying, "depth" integer, "bats" boolean, "created_at" timestamp NOT NULL, "updated_at" timestamp NOT NULL)[0m
  ↳ db/migrate/20181004220657_create_caves.rb:3
  [1m[36mActiveRecord::SchemaMigration Create (1.1ms)[0m  [1m[32mINSERT INTO "schema_migrations" ("version") VALUES ($1) RETURNING "version"[0m  [["version", "20181004220657"]]
  ↳ bin/rails:9
  [1m[35m (1.7ms)[0m  [1m[35mCOMMIT[0m
  ↳ bin/rails:9
  [1m[36mActiveRecord::InternalMetadata Load (1.1ms)[0m  [1m[34mSELECT  "ar_internal_metadata".* FROM "ar_internal_metadata" WHERE "ar_internal_metadata"."key" = $1 LIMIT $2[0m  [["key", "environment"], ["LIMIT", 1]]
  ↳ bin/rails:9
  [1m[35m (0.2ms)[0m  [1m[35mBEGIN[0m
  ↳ bin/rails:9
  [1m[36mActiveRecord::InternalMetadata Create (0.6ms)[0m  [1m[32mINSERT INTO "ar_internal_metadata" ("key", "value", "created_at", "updated_at") VALUES ($1, $2, $3, $4) RETURNING "key"[0m  [["key", "environment"], ["value", "development"], ["created_at", "2018-10-04 22:15:20.368743"], ["updated_at", "2018-10-04 22:15:20.368743"]]
  ↳ bin/rails:9
  [1m[35m (6.3ms)[0m  [1m[35mCOMMIT[0m
  ↳ bin/rails:9
  [1m[35m (0.4ms)[0m  [1m[34mSELECT pg_advisory_unlock(851038712380876425)[0m
  ↳ bin/rails:9
  [1m[35m (1.1ms)[0m  [1m[34mSELECT "schema_migrations"."version" FROM "schema_migrations" ORDER BY "schema_migrations"."version" ASC[0m
  ↳ bin/rails:9
  [1m[35m (0.7ms)[0m  [1m[34mSELECT "schema_migrations"."version" FROM "schema_migrations" ORDER BY "schema_migrations"."version" ASC[0m
  ↳ bin/rails:9
  [1m[35m (0.4ms)[0m  [1m[34mSELECT "ar_internal_metadata"."value" FROM "ar_internal_metadata" WHERE "ar_internal_metadata"."key" = $1[0m  [["key", "environment"]]
  ↳ bin/rails:9
  [1m[35m (0.3ms)[0m  [1m[34mSELECT "schema_migrations"."version" FROM "schema_migrations" ORDER BY "schema_migrations"."version" ASC[0m
  ↳ bin/rails:9
  [1m[35m (0.3ms)[0m  [1m[34mSELECT "ar_internal_metadata"."value" FROM "ar_internal_metadata" WHERE "ar_internal_metadata"."key" = $1[0m  [["key", "environment"]]
  ↳ bin/rails:9
  [1m[35m (0.3ms)[0m  [1m[34mSELECT "schema_migrations"."version" FROM "schema_migrations" ORDER BY "schema_migrations"."version" ASC[0m
  ↳ bin/rails:9
  [1m[35m (0.3ms)[0m  [1m[34mSELECT "ar_internal_metadata"."value" FROM "ar_internal_metadata" WHERE "ar_internal_metadata"."key" = $1[0m  [["key", "environment"]]
  ↳ bin/rails:9
  [1m[35m (261.6ms)[0m  [1m[35mDROP DATABASE IF EXISTS "caves_rails_api_development"[0m
  ↳ bin/rails:9
  [1m[35m (247.3ms)[0m  [1m[35mDROP DATABASE IF EXISTS "caves_rails_api_test"[0m
  ↳ bin/rails:9
  [1m[35m (589.3ms)[0m  [1m[35mCREATE DATABASE "caves_rails_api_development" ENCODING = 'unicode'[0m
  ↳ bin/rails:9
  [1m[35m (632.9ms)[0m  [1m[35mCREATE DATABASE "caves_rails_api_test" ENCODING = 'unicode'[0m
  ↳ bin/rails:9
  [1m[35m (80.3ms)[0m  [1m[35mCREATE TABLE "schema_migrations" ("version" character varying NOT NULL PRIMARY KEY)[0m
  ↳ bin/rails:9
  [1m[35m (30.2ms)[0m  [1m[35mCREATE TABLE "ar_internal_metadata" ("key" character varying NOT NULL PRIMARY KEY, "value" character varying, "created_at" timestamp NOT NULL, "updated_at" timestamp NOT NULL)[0m
  ↳ bin/rails:9
  [1m[35m (0.4ms)[0m  [1m[34mSELECT pg_try_advisory_lock(851038712380876425)[0m
  ↳ bin/rails:9
  [1m[35m (0.8ms)[0m  [1m[34mSELECT "schema_migrations"."version" FROM "schema_migrations" ORDER BY "schema_migrations"."version" ASC[0m
  ↳ bin/rails:9
Migrating to CreateCaves (20181004220657)
  [1m[35m (0.3ms)[0m  [1m[35mBEGIN[0m
  ↳ bin/rails:9
  [1m[35m (23.3ms)[0m  [1m[35mCREATE TABLE "caves" ("id" bigserial primary key, "name" character varying, "depth" integer, "bats" boolean, "created_at" timestamp NOT NULL, "updated_at" timestamp NOT NULL)[0m
  ↳ db/migrate/20181004220657_create_caves.rb:3
  [1m[36mActiveRecord::SchemaMigration Create (0.6ms)[0m  [1m[32mINSERT INTO "schema_migrations" ("version") VALUES ($1) RETURNING "version"[0m  [["version", "20181004220657"]]
  ↳ bin/rails:9
  [1m[35m (1.2ms)[0m  [1m[35mCOMMIT[0m
  ↳ bin/rails:9
  [1m[36mActiveRecord::InternalMetadata Load (0.5ms)[0m  [1m[34mSELECT  "ar_internal_metadata".* FROM "ar_internal_metadata" WHERE "ar_internal_metadata"."key" = $1 LIMIT $2[0m  [["key", "environment"], ["LIMIT", 1]]
  ↳ bin/rails:9
  [1m[35m (0.2ms)[0m  [1m[35mBEGIN[0m
  ↳ bin/rails:9
  [1m[36mActiveRecord::InternalMetadata Create (0.5ms)[0m  [1m[32mINSERT INTO "ar_internal_metadata" ("key", "value", "created_at", "updated_at") VALUES ($1, $2, $3, $4) RETURNING "key"[0m  [["key", "environment"], ["value", "development"], ["created_at", "2018-10-04 22:22:00.412070"], ["updated_at", "2018-10-04 22:22:00.412070"]]
  ↳ bin/rails:9
  [1m[35m (5.9ms)[0m  [1m[35mCOMMIT[0m
  ↳ bin/rails:9
  [1m[35m (0.4ms)[0m  [1m[34mSELECT pg_advisory_unlock(851038712380876425)[0m
  ↳ bin/rails:9
  [1m[35m (0.6ms)[0m  [1m[34mSELECT "schema_migrations"."version" FROM "schema_migrations" ORDER BY "schema_migrations"."version" ASC[0m
  ↳ bin/rails:9
  [1m[35m (0.7ms)[0m  [1m[34mSELECT "schema_migrations"."version" FROM "schema_migrations" ORDER BY "schema_migrations"."version" ASC[0m
  ↳ bin/rails:9
Started GET "/" for 127.0.0.1 at 2018-10-04 18:24:09 -0400
  [1m[35m (0.7ms)[0m  [1m[34mSELECT "schema_migrations"."version" FROM "schema_migrations" ORDER BY "schema_migrations"."version" ASC[0m
  ↳ /usr/local/lib/ruby/gems/2.5.0/gems/activerecord-5.2.1/lib/active_record/log_subscriber.rb:98
Processing by Rails::WelcomeController#index as HTML
  Rendering /usr/local/lib/ruby/gems/2.5.0/gems/railties-5.2.1/lib/rails/templates/rails/welcome/index.html.erb
  Rendered /usr/local/lib/ruby/gems/2.5.0/gems/railties-5.2.1/lib/rails/templates/rails/welcome/index.html.erb (4.8ms)
Completed 200 OK in 24ms (Views: 16.9ms | ActiveRecord: 0.0ms)


Started GET "/caves" for 127.0.0.1 at 2018-10-04 18:25:00 -0400
  
SyntaxError (/Users/natashapryngler/wdi/unit04/hw/caves_rails_api/app/controllers/caves_controller.rb:5: syntax error, unexpected end-of-input, expecting keyword_end):
  
app/controllers/caves_controller.rb:5: syntax error, unexpected end-of-input, expecting keyword_end
Started GET "/caves" for 127.0.0.1 at 2018-10-04 18:25:13 -0400
Started GET "/caves" for 127.0.0.1 at 2018-10-04 18:25:23 -0400
Processing by CavesController#index as HTML
Completed 500 Internal Server Error in 1ms (ActiveRecord: 0.0ms)


  
NameError (uninitialized constant CavesController::Caves):
  
app/controllers/caves_controller.rb:3:in `index'
Processing by CavesController#index as HTML
Completed 500 Internal Server Error in 1ms (ActiveRecord: 0.0ms)


  
NameError (uninitialized constant CavesController::Caves):
  
app/controllers/caves_controller.rb:3:in `index'
Started GET "/favicon.ico" for 127.0.0.1 at 2018-10-04 18:25:24 -0400
  
ActionController::RoutingError (No route matches [GET] "/favicon.ico"):
  
actionpack (5.2.1) lib/action_dispatch/middleware/debug_exceptions.rb:65:in `call'
actionpack (5.2.1) lib/action_dispatch/middleware/show_exceptions.rb:33:in `call'
railties (5.2.1) lib/rails/rack/logger.rb:38:in `call_app'
railties (5.2.1) lib/rails/rack/logger.rb:26:in `block in call'
activesupport (5.2.1) lib/active_support/tagged_logging.rb:71:in `block in tagged'
activesupport (5.2.1) lib/active_support/tagged_logging.rb:28:in `tagged'
activesupport (5.2.1) lib/active_support/tagged_logging.rb:71:in `tagged'
railties (5.2.1) lib/rails/rack/logger.rb:26:in `call'
actionpack (5.2.1) lib/action_dispatch/middleware/remote_ip.rb:81:in `call'
actionpack (5.2.1) lib/action_dispatch/middleware/request_id.rb:27:in `call'
rack (2.0.5) lib/rack/runtime.rb:22:in `call'
activesupport (5.2.1) lib/active_support/cache/strategy/local_cache_middleware.rb:29:in `call'
actionpack (5.2.1) lib/action_dispatch/middleware/executor.rb:14:in `call'
actionpack (5.2.1) lib/action_dispatch/middleware/static.rb:127:in `call'
rack (2.0.5) lib/rack/sendfile.rb:111:in `call'
railties (5.2.1) lib/rails/engine.rb:524:in `call'
puma (3.12.0) lib/puma/configuration.rb:225:in `call'
puma (3.12.0) lib/puma/server.rb:658:in `handle_request'
puma (3.12.0) lib/puma/server.rb:472:in `process_client'
puma (3.12.0) lib/puma/server.rb:332:in `block in run'
puma (3.12.0) lib/puma/thread_pool.rb:133:in `block in spawn_thread'
Started GET "/caves" for 127.0.0.1 at 2018-10-04 18:26:17 -0400
Processing by CavesController#index as HTML
Completed 500 Internal Server Error in 1ms (ActiveRecord: 0.0ms)


  
NameError (uninitialized constant CavesController::Caves):
  
app/controllers/caves_controller.rb:3:in `index'
Started GET "/caves" for 127.0.0.1 at 2018-10-04 18:28:08 -0400
Processing by CavesController#index as HTML
Completed 500 Internal Server Error in 1ms (ActiveRecord: 0.0ms)


  
NameError (uninitialized constant CavesController::Caves):
  
app/controllers/caves_controller.rb:4:in `index'
Started GET "/caves" for 127.0.0.1 at 2018-10-04 18:29:08 -0400
Processing by CavesController#index as HTML
  [1m[36mCafe Load (9.1ms)[0m  [1m[34mSELECT  "caves".* FROM "caves" LIMIT $1[0m  [["LIMIT", 11]]
  ↳ app/controllers/caves_controller.rb:5
  [1m[36mCafe Load (0.5ms)[0m  [1m[34mSELECT "caves".* FROM "caves"[0m
  ↳ app/controllers/caves_controller.rb:7
Completed 200 OK in 31ms (Views: 1.5ms | ActiveRecord: 20.3ms)


Started GET "/caves" for 127.0.0.1 at 2018-10-04 18:29:49 -0400
Processing by CavesController#index as HTML
  [1m[36mCafe Load (0.6ms)[0m  [1m[34mSELECT  "caves".* FROM "caves" LIMIT $1[0m  [["LIMIT", 11]]
  ↳ app/controllers/caves_controller.rb:5
  [1m[36mCafe Load (0.5ms)[0m  [1m[34mSELECT "caves".* FROM "caves"[0m
  ↳ app/controllers/caves_controller.rb:7
Completed 200 OK in 4ms (Views: 1.3ms | ActiveRecord: 1.1ms)


  [1m[35m (0.7ms)[0m  [1m[34mSELECT "schema_migrations"."version" FROM "schema_migrations" ORDER BY "schema_migrations"."version" ASC[0m
  ↳ bin/rails:9
  [1m[35m (0.2ms)[0m  [1m[35mBEGIN[0m
  ↳ db/seeds.rb:8
  [1m[36mCafe Create (14.2ms)[0m  [1m[32mINSERT INTO "caves" ("name", "depth", "bats", "created_at", "updated_at") VALUES ($1, $2, $3, $4, $5) RETURNING "id"[0m  [["name", "Blue Lagoon Cave"], ["depth", 15], ["bats", false], ["created_at", "2018-10-04 22:30:19.720290"], ["updated_at", "2018-10-04 22:30:19.720290"]]
  ↳ db/seeds.rb:8
  [1m[35m (1.6ms)[0m  [1m[35mCOMMIT[0m
  ↳ db/seeds.rb:8
  [1m[35m (0.3ms)[0m  [1m[35mBEGIN[0m
  ↳ db/seeds.rb:9
  [1m[36mCafe Create (0.7ms)[0m  [1m[32mINSERT INTO "caves" ("name", "depth", "bats", "created_at", "updated_at") VALUES ($1, $2, $3, $4, $5) RETURNING "id"[0m  [["name", "Secret Cave"], ["depth", 24], ["bats", true], ["created_at", "2018-10-04 22:30:19.739484"], ["updated_at", "2018-10-04 22:30:19.739484"]]
  ↳ db/seeds.rb:9
  [1m[35m (1.6ms)[0m  [1m[35mCOMMIT[0m
  ↳ db/seeds.rb:9
  [1m[35m (0.3ms)[0m  [1m[35mBEGIN[0m
  ↳ db/seeds.rb:10
  [1m[36mCafe Create (0.5ms)[0m  [1m[32mINSERT INTO "caves" ("name", "depth", "bats", "created_at", "updated_at") VALUES ($1, $2, $3, $4, $5) RETURNING "id"[0m  [["name", "Batman's Cave"], ["depth", 30], ["bats", true], ["created_at", "2018-10-04 22:30:19.745142"], ["updated_at", "2018-10-04 22:30:19.745142"]]
  ↳ db/seeds.rb:10
  [1m[35m (1.5ms)[0m  [1m[35mCOMMIT[0m
  ↳ db/seeds.rb:10
Started GET "/caves" for 127.0.0.1 at 2018-10-04 18:30:38 -0400
  [1m[35m (0.7ms)[0m  [1m[34mSELECT "schema_migrations"."version" FROM "schema_migrations" ORDER BY "schema_migrations"."version" ASC[0m
  ↳ /usr/local/lib/ruby/gems/2.5.0/gems/activerecord-5.2.1/lib/active_record/log_subscriber.rb:98
Processing by CavesController#index as HTML
  [1m[36mCafe Load (0.5ms)[0m  [1m[34mSELECT  "caves".* FROM "caves" LIMIT $1[0m  [["LIMIT", 11]]
  ↳ app/controllers/caves_controller.rb:5
  [1m[36mCafe Load (0.4ms)[0m  [1m[34mSELECT "caves".* FROM "caves"[0m
  ↳ app/controllers/caves_controller.rb:7
Completed 200 OK in 21ms (Views: 1.9ms | ActiveRecord: 6.0ms)


Started GET "/caves/2" for 127.0.0.1 at 2018-10-04 18:32:39 -0400
Processing by CavesController#show as HTML
  Parameters: {"id"=>"2"}
  [1m[36mCafe Load (0.6ms)[0m  [1m[34mSELECT  "caves".* FROM "caves" WHERE "caves"."id" = $1 LIMIT $2[0m  [["id", 2], ["LIMIT", 1]]
  ↳ app/controllers/caves_controller.rb:11
Completed 200 OK in 24ms (Views: 0.4ms | ActiveRecord: 9.8ms)


Started GET "/caves/2" for 127.0.0.1 at 2018-10-04 18:40:16 -0400
Processing by CavesController#show as HTML
  Parameters: {"id"=>"2"}
  [1m[36mCafe Load (0.5ms)[0m  [1m[34mSELECT  "caves".* FROM "caves" WHERE "caves"."id" = $1 LIMIT $2[0m  [["id", 2], ["LIMIT", 1]]
  ↳ app/controllers/caves_controller.rb:11
Completed 200 OK in 35ms (Views: 1.5ms | ActiveRecord: 8.3ms)


Started POST "/caves/?name=%22Surface%20Cave%22&depth=0&bats=false" for 127.0.0.1 at 2018-10-04 18:41:26 -0400
Processing by CavesController#create as */*
  Parameters: {"name"=>"\"Surface Cave\"", "depth"=>"0", "bats"=>"false", "cafe"=>{}}
  [1m[35m (0.3ms)[0m  [1m[35mBEGIN[0m
  ↳ app/controllers/caves_controller.rb:17
  [1m[36mCafe Create (0.6ms)[0m  [1m[32mINSERT INTO "caves" ("name", "depth", "bats", "created_at", "updated_at") VALUES ($1, $2, $3, $4, $5) RETURNING "id"[0m  [["name", "\"Surface Cave\""], ["depth", 0], ["bats", false], ["created_at", "2018-10-04 22:41:26.946958"], ["updated_at", "2018-10-04 22:41:26.946958"]]
  ↳ app/controllers/caves_controller.rb:17
  [1m[35m (8.7ms)[0m  [1m[35mCOMMIT[0m
  ↳ app/controllers/caves_controller.rb:17
  [1m[35m (0.3ms)[0m  [1m[35mBEGIN[0m
  ↳ app/controllers/caves_controller.rb:18
  [1m[35m (0.2ms)[0m  [1m[35mCOMMIT[0m
  ↳ app/controllers/caves_controller.rb:18
Completed 500 Internal Server Error in 138ms (ActiveRecord: 10.2ms)


  
NameError (undefined local variable or method `created' for #<CavesController:0x00007f8652635a30>
Did you mean?  create):
  
app/controllers/caves_controller.rb:19:in `create'
Started GET "/caves/2" for 127.0.0.1 at 2018-10-04 18:42:20 -0400
Processing by CavesController#show as HTML
  Parameters: {"id"=>"2"}
  [1m[36mCafe Load (0.4ms)[0m  [1m[34mSELECT  "caves".* FROM "caves" WHERE "caves"."id" = $1 LIMIT $2[0m  [["id", 2], ["LIMIT", 1]]
  ↳ app/controllers/caves_controller.rb:11
Completed 200 OK in 2ms (Views: 0.6ms | ActiveRecord: 0.4ms)


Started GET "/caves/" for 127.0.0.1 at 2018-10-04 18:42:26 -0400
Processing by CavesController#index as HTML
  [1m[36mCafe Load (0.9ms)[0m  [1m[34mSELECT  "caves".* FROM "caves" LIMIT $1[0m  [["LIMIT", 11]]
  ↳ app/controllers/caves_controller.rb:5
  [1m[36mCafe Load (0.6ms)[0m  [1m[34mSELECT "caves".* FROM "caves"[0m
  ↳ app/controllers/caves_controller.rb:7
Completed 200 OK in 8ms (Views: 2.4ms | ActiveRecord: 1.6ms)


